<?xml version="1.0" encoding="UTF-8"?>
<testsuite xmlns:xsi="http://www.w3.org/2001/XMLSchema-instance" xsi:noNamespaceSchemaLocation="https://maven.apache.org/surefire/maven-surefire-plugin/xsd/surefire-test-report.xsd" version="3.0.1" name="TestSuite" time="12.247" tests="4" errors="0" skipped="0" failures="0">
  <properties>
    <property name="sun.desktop" value="gnome"/>
    <property name="awt.toolkit" value="sun.awt.X11.XToolkit"/>
    <property name="java.specification.version" value="11"/>
    <property name="sun.cpu.isalist" value=""/>
    <property name="sun.jnu.encoding" value="UTF-8"/>
    <property name="java.class.path" value="/home/ttpl-rt-51/eclipse-workspace2/PetStoreAutomation1/target/test-classes:/home/ttpl-rt-51/eclipse-workspace2/PetStoreAutomation1/target/classes:/home/ttpl-rt-51/.m2/repository/io/rest-assured/rest-assured/5.1.1/rest-assured-5.1.1.jar:/home/ttpl-rt-51/.m2/repository/org/apache/groovy/groovy/4.0.1/groovy-4.0.1.jar:/home/ttpl-rt-51/.m2/repository/org/apache/groovy/groovy-xml/4.0.1/groovy-xml-4.0.1.jar:/home/ttpl-rt-51/.m2/repository/org/apache/httpcomponents/httpclient/4.5.13/httpclient-4.5.13.jar:/home/ttpl-rt-51/.m2/repository/org/apache/httpcomponents/httpcore/4.4.13/httpcore-4.4.13.jar:/home/ttpl-rt-51/.m2/repository/commons-logging/commons-logging/1.2/commons-logging-1.2.jar:/home/ttpl-rt-51/.m2/repository/org/apache/httpcomponents/httpmime/4.5.13/httpmime-4.5.13.jar:/home/ttpl-rt-51/.m2/repository/org/hamcrest/hamcrest/2.1/hamcrest-2.1.jar:/home/ttpl-rt-51/.m2/repository/org/ccil/cowan/tagsoup/tagsoup/1.2.1/tagsoup-1.2.1.jar:/home/ttpl-rt-51/.m2/repository/io/rest-assured/xml-path/5.1.1/xml-path-5.1.1.jar:/home/ttpl-rt-51/.m2/repository/io/rest-assured/json-path/5.1.1/json-path-5.1.1.jar:/home/ttpl-rt-51/.m2/repository/org/apache/groovy/groovy-json/4.0.1/groovy-json-4.0.1.jar:/home/ttpl-rt-51/.m2/repository/io/rest-assured/rest-assured-common/5.1.1/rest-assured-common-5.1.1.jar:/home/ttpl-rt-51/.m2/repository/org/json/json/20220320/json-20220320.jar:/home/ttpl-rt-51/.m2/repository/org/testng/testng/7.6.1/testng-7.6.1.jar:/home/ttpl-rt-51/.m2/repository/com/google/code/findbugs/jsr305/3.0.2/jsr305-3.0.2.jar:/home/ttpl-rt-51/.m2/repository/org/slf4j/slf4j-api/1.7.36/slf4j-api-1.7.36.jar:/home/ttpl-rt-51/.m2/repository/com/beust/jcommander/1.82/jcommander-1.82.jar:/home/ttpl-rt-51/.m2/repository/org/webjars/jquery/3.6.0/jquery-3.6.0.jar:/home/ttpl-rt-51/.m2/repository/com/github/scribejava/scribejava-apis/8.3.1/scribejava-apis-8.3.1.jar:/home/ttpl-rt-51/.m2/repository/com/github/scribejava/scribejava-core/8.3.1/scribejava-core-8.3.1.jar:/home/ttpl-rt-51/.m2/repository/com/github/scribejava/scribejava-java8/8.3.1/scribejava-java8-8.3.1.jar:/home/ttpl-rt-51/.m2/repository/com/fasterxml/jackson/core/jackson-databind/2.12.3/jackson-databind-2.12.3.jar:/home/ttpl-rt-51/.m2/repository/com/fasterxml/jackson/core/jackson-annotations/2.12.3/jackson-annotations-2.12.3.jar:/home/ttpl-rt-51/.m2/repository/com/fasterxml/jackson/core/jackson-core/2.12.3/jackson-core-2.12.3.jar:/home/ttpl-rt-51/.m2/repository/io/rest-assured/json-schema-validator/5.1.1/json-schema-validator-5.1.1.jar:/home/ttpl-rt-51/.m2/repository/com/github/java-json-tools/json-schema-validator/2.2.14/json-schema-validator-2.2.14.jar:/home/ttpl-rt-51/.m2/repository/com/google/guava/guava/28.2-android/guava-28.2-android.jar:/home/ttpl-rt-51/.m2/repository/com/google/guava/failureaccess/1.0.1/failureaccess-1.0.1.jar:/home/ttpl-rt-51/.m2/repository/com/google/guava/listenablefuture/9999.0-empty-to-avoid-conflict-with-guava/listenablefuture-9999.0-empty-to-avoid-conflict-with-guava.jar:/home/ttpl-rt-51/.m2/repository/org/checkerframework/checker-compat-qual/2.5.5/checker-compat-qual-2.5.5.jar:/home/ttpl-rt-51/.m2/repository/com/google/errorprone/error_prone_annotations/2.3.4/error_prone_annotations-2.3.4.jar:/home/ttpl-rt-51/.m2/repository/com/google/j2objc/j2objc-annotations/1.3/j2objc-annotations-1.3.jar:/home/ttpl-rt-51/.m2/repository/com/github/java-json-tools/jackson-coreutils-equivalence/1.0/jackson-coreutils-equivalence-1.0.jar:/home/ttpl-rt-51/.m2/repository/com/github/java-json-tools/jackson-coreutils/2.0/jackson-coreutils-2.0.jar:/home/ttpl-rt-51/.m2/repository/com/github/java-json-tools/msg-simple/1.2/msg-simple-1.2.jar:/home/ttpl-rt-51/.m2/repository/com/github/java-json-tools/btf/1.3/btf-1.3.jar:/home/ttpl-rt-51/.m2/repository/com/github/java-json-tools/json-schema-core/1.2.14/json-schema-core-1.2.14.jar:/home/ttpl-rt-51/.m2/repository/com/github/java-json-tools/uri-template/0.10/uri-template-0.10.jar:/home/ttpl-rt-51/.m2/repository/org/mozilla/rhino/1.7.7.2/rhino-1.7.7.2.jar:/home/ttpl-rt-51/.m2/repository/com/sun/mail/mailapi/1.6.2/mailapi-1.6.2.jar:/home/ttpl-rt-51/.m2/repository/joda-time/joda-time/2.10.5/joda-time-2.10.5.jar:/home/ttpl-rt-51/.m2/repository/com/googlecode/libphonenumber/libphonenumber/8.11.1/libphonenumber-8.11.1.jar:/home/ttpl-rt-51/.m2/repository/net/sf/jopt-simple/jopt-simple/5.0.4/jopt-simple-5.0.4.jar:/home/ttpl-rt-51/.m2/repository/com/github/javafaker/javafaker/1.0.2/javafaker-1.0.2.jar:/home/ttpl-rt-51/.m2/repository/org/apache/commons/commons-lang3/3.5/commons-lang3-3.5.jar:/home/ttpl-rt-51/.m2/repository/org/yaml/snakeyaml/1.23/snakeyaml-1.23-android.jar:/home/ttpl-rt-51/.m2/repository/com/github/mifmif/generex/1.0.2/generex-1.0.2.jar:/home/ttpl-rt-51/.m2/repository/dk/brics/automaton/automaton/1.11-8/automaton-1.11-8.jar:/home/ttpl-rt-51/.m2/repository/com/aventstack/extentreports/5.0.9/extentreports-5.0.9.jar:/home/ttpl-rt-51/.m2/repository/io/reactivex/rxjava3/rxjava/3.0.4/rxjava-3.0.4.jar:/home/ttpl-rt-51/.m2/repository/org/reactivestreams/reactive-streams/1.0.3/reactive-streams-1.0.3.jar:/home/ttpl-rt-51/.m2/repository/org/freemarker/freemarker/2.3.30/freemarker-2.3.30.jar:/home/ttpl-rt-51/.m2/repository/org/projectlombok/lombok/1.18.12/lombok-1.18.12.jar:/home/ttpl-rt-51/.m2/repository/com/google/code/gson/gson/2.8.6/gson-2.8.6.jar:/home/ttpl-rt-51/.m2/repository/org/apache/poi/poi/5.2.2/poi-5.2.2.jar:/home/ttpl-rt-51/.m2/repository/commons-codec/commons-codec/1.15/commons-codec-1.15.jar:/home/ttpl-rt-51/.m2/repository/org/apache/commons/commons-collections4/4.4/commons-collections4-4.4.jar:/home/ttpl-rt-51/.m2/repository/org/apache/commons/commons-math3/3.6.1/commons-math3-3.6.1.jar:/home/ttpl-rt-51/.m2/repository/commons-io/commons-io/2.11.0/commons-io-2.11.0.jar:/home/ttpl-rt-51/.m2/repository/com/zaxxer/SparseBitSet/1.2/SparseBitSet-1.2.jar:/home/ttpl-rt-51/.m2/repository/org/apache/poi/poi-ooxml/5.2.2/poi-ooxml-5.2.2.jar:/home/ttpl-rt-51/.m2/repository/org/apache/poi/poi-ooxml-lite/5.2.2/poi-ooxml-lite-5.2.2.jar:/home/ttpl-rt-51/.m2/repository/org/apache/xmlbeans/xmlbeans/5.0.3/xmlbeans-5.0.3.jar:/home/ttpl-rt-51/.m2/repository/org/apache/commons/commons-compress/1.21/commons-compress-1.21.jar:/home/ttpl-rt-51/.m2/repository/com/github/virtuald/curvesapi/1.07/curvesapi-1.07.jar:/home/ttpl-rt-51/.m2/repository/org/apache/logging/log4j/log4j-api/2.18.0/log4j-api-2.18.0.jar:/home/ttpl-rt-51/.m2/repository/org/apache/logging/log4j/log4j-core/2.18.0/log4j-core-2.18.0.jar:"/>
    <property name="java.vm.vendor" value="Ubuntu"/>
    <property name="sun.arch.data.model" value="64"/>
    <property name="java.vendor.url" value="https://ubuntu.com/"/>
    <property name="user.timezone" value="Asia/Kolkata"/>
    <property name="java.vm.specification.version" value="11"/>
    <property name="os.name" value="Linux"/>
    <property name="sun.java.launcher" value="SUN_STANDARD"/>
    <property name="user.country" value="IN"/>
    <property name="sun.boot.library.path" value="/usr/lib/jvm/java-11-openjdk-amd64/lib"/>
    <property name="sun.java.command" value="/home/ttpl-rt-51/eclipse-workspace2/PetStoreAutomation1/target/surefire/surefirebooter-20240622140444144_3.jar /home/ttpl-rt-51/eclipse-workspace2/PetStoreAutomation1/target/surefire 2024-06-22T14-04-43_343-jvmRun1 surefire-20240622140444144_1tmp surefire_0-20240622140444144_2tmp"/>
    <property name="jdk.debug" value="release"/>
    <property name="surefire.test.class.path" value="/home/ttpl-rt-51/eclipse-workspace2/PetStoreAutomation1/target/test-classes:/home/ttpl-rt-51/eclipse-workspace2/PetStoreAutomation1/target/classes:/home/ttpl-rt-51/.m2/repository/io/rest-assured/rest-assured/5.1.1/rest-assured-5.1.1.jar:/home/ttpl-rt-51/.m2/repository/org/apache/groovy/groovy/4.0.1/groovy-4.0.1.jar:/home/ttpl-rt-51/.m2/repository/org/apache/groovy/groovy-xml/4.0.1/groovy-xml-4.0.1.jar:/home/ttpl-rt-51/.m2/repository/org/apache/httpcomponents/httpclient/4.5.13/httpclient-4.5.13.jar:/home/ttpl-rt-51/.m2/repository/org/apache/httpcomponents/httpcore/4.4.13/httpcore-4.4.13.jar:/home/ttpl-rt-51/.m2/repository/commons-logging/commons-logging/1.2/commons-logging-1.2.jar:/home/ttpl-rt-51/.m2/repository/org/apache/httpcomponents/httpmime/4.5.13/httpmime-4.5.13.jar:/home/ttpl-rt-51/.m2/repository/org/hamcrest/hamcrest/2.1/hamcrest-2.1.jar:/home/ttpl-rt-51/.m2/repository/org/ccil/cowan/tagsoup/tagsoup/1.2.1/tagsoup-1.2.1.jar:/home/ttpl-rt-51/.m2/repository/io/rest-assured/xml-path/5.1.1/xml-path-5.1.1.jar:/home/ttpl-rt-51/.m2/repository/io/rest-assured/json-path/5.1.1/json-path-5.1.1.jar:/home/ttpl-rt-51/.m2/repository/org/apache/groovy/groovy-json/4.0.1/groovy-json-4.0.1.jar:/home/ttpl-rt-51/.m2/repository/io/rest-assured/rest-assured-common/5.1.1/rest-assured-common-5.1.1.jar:/home/ttpl-rt-51/.m2/repository/org/json/json/20220320/json-20220320.jar:/home/ttpl-rt-51/.m2/repository/org/testng/testng/7.6.1/testng-7.6.1.jar:/home/ttpl-rt-51/.m2/repository/com/google/code/findbugs/jsr305/3.0.2/jsr305-3.0.2.jar:/home/ttpl-rt-51/.m2/repository/org/slf4j/slf4j-api/1.7.36/slf4j-api-1.7.36.jar:/home/ttpl-rt-51/.m2/repository/com/beust/jcommander/1.82/jcommander-1.82.jar:/home/ttpl-rt-51/.m2/repository/org/webjars/jquery/3.6.0/jquery-3.6.0.jar:/home/ttpl-rt-51/.m2/repository/com/github/scribejava/scribejava-apis/8.3.1/scribejava-apis-8.3.1.jar:/home/ttpl-rt-51/.m2/repository/com/github/scribejava/scribejava-core/8.3.1/scribejava-core-8.3.1.jar:/home/ttpl-rt-51/.m2/repository/com/github/scribejava/scribejava-java8/8.3.1/scribejava-java8-8.3.1.jar:/home/ttpl-rt-51/.m2/repository/com/fasterxml/jackson/core/jackson-databind/2.12.3/jackson-databind-2.12.3.jar:/home/ttpl-rt-51/.m2/repository/com/fasterxml/jackson/core/jackson-annotations/2.12.3/jackson-annotations-2.12.3.jar:/home/ttpl-rt-51/.m2/repository/com/fasterxml/jackson/core/jackson-core/2.12.3/jackson-core-2.12.3.jar:/home/ttpl-rt-51/.m2/repository/io/rest-assured/json-schema-validator/5.1.1/json-schema-validator-5.1.1.jar:/home/ttpl-rt-51/.m2/repository/com/github/java-json-tools/json-schema-validator/2.2.14/json-schema-validator-2.2.14.jar:/home/ttpl-rt-51/.m2/repository/com/google/guava/guava/28.2-android/guava-28.2-android.jar:/home/ttpl-rt-51/.m2/repository/com/google/guava/failureaccess/1.0.1/failureaccess-1.0.1.jar:/home/ttpl-rt-51/.m2/repository/com/google/guava/listenablefuture/9999.0-empty-to-avoid-conflict-with-guava/listenablefuture-9999.0-empty-to-avoid-conflict-with-guava.jar:/home/ttpl-rt-51/.m2/repository/org/checkerframework/checker-compat-qual/2.5.5/checker-compat-qual-2.5.5.jar:/home/ttpl-rt-51/.m2/repository/com/google/errorprone/error_prone_annotations/2.3.4/error_prone_annotations-2.3.4.jar:/home/ttpl-rt-51/.m2/repository/com/google/j2objc/j2objc-annotations/1.3/j2objc-annotations-1.3.jar:/home/ttpl-rt-51/.m2/repository/com/github/java-json-tools/jackson-coreutils-equivalence/1.0/jackson-coreutils-equivalence-1.0.jar:/home/ttpl-rt-51/.m2/repository/com/github/java-json-tools/jackson-coreutils/2.0/jackson-coreutils-2.0.jar:/home/ttpl-rt-51/.m2/repository/com/github/java-json-tools/msg-simple/1.2/msg-simple-1.2.jar:/home/ttpl-rt-51/.m2/repository/com/github/java-json-tools/btf/1.3/btf-1.3.jar:/home/ttpl-rt-51/.m2/repository/com/github/java-json-tools/json-schema-core/1.2.14/json-schema-core-1.2.14.jar:/home/ttpl-rt-51/.m2/repository/com/github/java-json-tools/uri-template/0.10/uri-template-0.10.jar:/home/ttpl-rt-51/.m2/repository/org/mozilla/rhino/1.7.7.2/rhino-1.7.7.2.jar:/home/ttpl-rt-51/.m2/repository/com/sun/mail/mailapi/1.6.2/mailapi-1.6.2.jar:/home/ttpl-rt-51/.m2/repository/joda-time/joda-time/2.10.5/joda-time-2.10.5.jar:/home/ttpl-rt-51/.m2/repository/com/googlecode/libphonenumber/libphonenumber/8.11.1/libphonenumber-8.11.1.jar:/home/ttpl-rt-51/.m2/repository/net/sf/jopt-simple/jopt-simple/5.0.4/jopt-simple-5.0.4.jar:/home/ttpl-rt-51/.m2/repository/com/github/javafaker/javafaker/1.0.2/javafaker-1.0.2.jar:/home/ttpl-rt-51/.m2/repository/org/apache/commons/commons-lang3/3.5/commons-lang3-3.5.jar:/home/ttpl-rt-51/.m2/repository/org/yaml/snakeyaml/1.23/snakeyaml-1.23-android.jar:/home/ttpl-rt-51/.m2/repository/com/github/mifmif/generex/1.0.2/generex-1.0.2.jar:/home/ttpl-rt-51/.m2/repository/dk/brics/automaton/automaton/1.11-8/automaton-1.11-8.jar:/home/ttpl-rt-51/.m2/repository/com/aventstack/extentreports/5.0.9/extentreports-5.0.9.jar:/home/ttpl-rt-51/.m2/repository/io/reactivex/rxjava3/rxjava/3.0.4/rxjava-3.0.4.jar:/home/ttpl-rt-51/.m2/repository/org/reactivestreams/reactive-streams/1.0.3/reactive-streams-1.0.3.jar:/home/ttpl-rt-51/.m2/repository/org/freemarker/freemarker/2.3.30/freemarker-2.3.30.jar:/home/ttpl-rt-51/.m2/repository/org/projectlombok/lombok/1.18.12/lombok-1.18.12.jar:/home/ttpl-rt-51/.m2/repository/com/google/code/gson/gson/2.8.6/gson-2.8.6.jar:/home/ttpl-rt-51/.m2/repository/org/apache/poi/poi/5.2.2/poi-5.2.2.jar:/home/ttpl-rt-51/.m2/repository/commons-codec/commons-codec/1.15/commons-codec-1.15.jar:/home/ttpl-rt-51/.m2/repository/org/apache/commons/commons-collections4/4.4/commons-collections4-4.4.jar:/home/ttpl-rt-51/.m2/repository/org/apache/commons/commons-math3/3.6.1/commons-math3-3.6.1.jar:/home/ttpl-rt-51/.m2/repository/commons-io/commons-io/2.11.0/commons-io-2.11.0.jar:/home/ttpl-rt-51/.m2/repository/com/zaxxer/SparseBitSet/1.2/SparseBitSet-1.2.jar:/home/ttpl-rt-51/.m2/repository/org/apache/poi/poi-ooxml/5.2.2/poi-ooxml-5.2.2.jar:/home/ttpl-rt-51/.m2/repository/org/apache/poi/poi-ooxml-lite/5.2.2/poi-ooxml-lite-5.2.2.jar:/home/ttpl-rt-51/.m2/repository/org/apache/xmlbeans/xmlbeans/5.0.3/xmlbeans-5.0.3.jar:/home/ttpl-rt-51/.m2/repository/org/apache/commons/commons-compress/1.21/commons-compress-1.21.jar:/home/ttpl-rt-51/.m2/repository/com/github/virtuald/curvesapi/1.07/curvesapi-1.07.jar:/home/ttpl-rt-51/.m2/repository/org/apache/logging/log4j/log4j-api/2.18.0/log4j-api-2.18.0.jar:/home/ttpl-rt-51/.m2/repository/org/apache/logging/log4j/log4j-core/2.18.0/log4j-core-2.18.0.jar:"/>
    <property name="sun.cpu.endian" value="little"/>
    <property name="user.home" value="/home/ttpl-rt-51"/>
    <property name="user.language" value="en"/>
    <property name="java.specification.vendor" value="Oracle Corporation"/>
    <property name="java.version.date" value="2024-04-16"/>
    <property name="java.home" value="/usr/lib/jvm/java-11-openjdk-amd64"/>
    <property name="file.separator" value="/"/>
    <property name="basedir" value="/home/ttpl-rt-51/eclipse-workspace2/PetStoreAutomation1"/>
    <property name="java.vm.compressedOopsMode" value="Zero based"/>
    <property name="line.separator" value="&#10;"/>
    <property name="java.specification.name" value="Java Platform API Specification"/>
    <property name="java.vm.specification.vendor" value="Oracle Corporation"/>
    <property name="java.awt.graphicsenv" value="sun.awt.X11GraphicsEnvironment"/>
    <property name="surefire.real.class.path" value="/home/ttpl-rt-51/eclipse-workspace2/PetStoreAutomation1/target/surefire/surefirebooter-20240622140444144_3.jar"/>
    <property name="sun.management.compiler" value="HotSpot 64-Bit Tiered Compilers"/>
    <property name="java.runtime.version" value="11.0.23+9-post-Ubuntu-1ubuntu120.04.2"/>
    <property name="user.name" value="ttpl-rt-51"/>
    <property name="path.separator" value=":"/>
    <property name="os.version" value="5.15.0-107-generic"/>
    <property name="java.runtime.name" value="OpenJDK Runtime Environment"/>
    <property name="file.encoding" value="UTF-8"/>
    <property name="java.vm.name" value="OpenJDK 64-Bit Server VM"/>
    <property name="localRepository" value="/home/ttpl-rt-51/.m2/repository"/>
    <property name="java.vendor.url.bug" value="https://bugs.launchpad.net/ubuntu/+source/openjdk-lts"/>
    <property name="java.io.tmpdir" value="/tmp"/>
    <property name="java.version" value="11.0.23"/>
    <property name="user.dir" value="/home/ttpl-rt-51/eclipse-workspace2/PetStoreAutomation1"/>
    <property name="os.arch" value="amd64"/>
    <property name="java.vm.specification.name" value="Java Virtual Machine Specification"/>
    <property name="java.awt.printerjob" value="sun.print.PSPrinterJob"/>
    <property name="sun.os.patch.level" value="unknown"/>
    <property name="java.library.path" value="/usr/java/packages/lib:/usr/lib/x86_64-linux-gnu/jni:/lib/x86_64-linux-gnu:/usr/lib/x86_64-linux-gnu:/usr/lib/jni:/lib:/usr/lib"/>
    <property name="java.vm.info" value="mixed mode, sharing"/>
    <property name="java.vendor" value="Ubuntu"/>
    <property name="java.vm.version" value="11.0.23+9-post-Ubuntu-1ubuntu120.04.2"/>
    <property name="java.specification.maintenance.version" value="2"/>
    <property name="sun.io.unicode.encoding" value="UnicodeLittle"/>
    <property name="java.class.version" value="55.0"/>
  </properties>
  <testcase name="testPostUser" classname="api.test.UserTests" time="4.228">
    <system-out><![CDATA[HTTP/1.1 200 OK
Date: Sat, 22 Jun 2024 08:34:50 GMT
Content-Type: application/json
Transfer-Encoding: chunked
Connection: keep-alive
Access-Control-Allow-Origin: *
Access-Control-Allow-Methods: GET, POST, DELETE, PUT
Access-Control-Allow-Headers: Content-Type, api_key, Authorization
Server: Jetty(9.2.9.v20150224)

{
    "code": 200,
    "type": "unknown",
    "message": "455501890"
}
]]></system-out>
    <system-err><![CDATA[SLF4J: Failed to load class "org.slf4j.impl.StaticLoggerBinder".
SLF4J: Defaulting to no-operation (NOP) logger implementation
SLF4J: See http://www.slf4j.org/codes.html#StaticLoggerBinder for further details.
]]></system-err>
  </testcase>
  <testcase name="testGetUserByName" classname="api.test.UserTests" time="1.563">
    <system-out><![CDATA[HTTP/1.1 200 OK
Date: Sat, 22 Jun 2024 08:34:52 GMT
Content-Type: application/json
Transfer-Encoding: chunked
Connection: keep-alive
Access-Control-Allow-Origin: *
Access-Control-Allow-Methods: GET, POST, DELETE, PUT
Access-Control-Allow-Headers: Content-Type, api_key, Authorization
Server: Jetty(9.2.9.v20150224)

{
    "id": 455501890,
    "username": "leandro.connelly",
    "firstName": "Israel",
    "lastName": "Dare",
    "email": "heriberto.wisozk@example.com",
    "password": "yxf1fr",
    "phone": "(221) 351-9846",
    "userStatus": 0
}
]]></system-out>
  </testcase>
  <testcase name="testUpdateUserByName" classname="api.test.UserTests" time="2.859">
    <system-out><![CDATA[{
    "code": 200,
    "type": "unknown",
    "message": "455501890"
}
]]></system-out>
  </testcase>
  <testcase name="testDeleteUserByName" classname="api.test.UserTests" time="1.213"/>
</testsuite>