<?xml version="1.0" encoding="UTF-8"?>
<!-- Generated by org.testng.reporters.JUnitReportReporter -->
<testsuite hostname="tekdi" failures="0" tests="4" name="api.test.UserTests" time="9.850" errors="0" timestamp="2024-06-22T14:04:56 IST" skipped="0">
  <testcase classname="api.test.UserTests" name="testPostUser" time="4.215"/>
  <system-out/>
  <testcase classname="api.test.UserTests" name="testGetUserByName" time="1.550"/>
  <system-out/>
  <testcase classname="api.test.UserTests" name="testUpdateUserByName" time="2.874"/>
  <system-out/>
  <testcase classname="api.test.UserTests" name="testDeleteUserByName" time="1.211"/>
  <system-out/>
</testsuite> <!-- api.test.UserTests -->
